<?xml version="1.0" encoding="UTF-8"?>
<robot generator="Robot 6.1.1 (Python 3.12.1 on win32)" generated="20240110 13:30:33.287" rpa="false" schemaversion="4">
<suite id="s1" name="Main" source="c:\Dev\automacaoapi\automacaoapi\resources\main.robot">
<test id="s1-t1" name="Criar um novo usuario" line="10">
<kw name="Set Log Level" library="BuiltIn">
<arg>TRACE</arg>
<doc>Sets the log threshold to the specified level and returns the old level.</doc>
<msg timestamp="20240110 13:30:33.972" level="INFO">Log level changed from INFO to TRACE.</msg>
<msg timestamp="20240110 13:30:34.003" level="TRACE">Return: 'INFO'</msg>
<status status="PASS" starttime="20240110 13:30:33.970" endtime="20240110 13:30:34.003"/>
</kw>
<kw name="Create Dictionary" library="BuiltIn">
<var>${HEADERS}</var>
<arg>Content-Type=application/json</arg>
<doc>Creates and returns a dictionary based on the given ``items``.</doc>
<msg timestamp="20240110 13:30:34.011" level="TRACE">Arguments: [ 'Content-Type=application/json' ]</msg>
<msg timestamp="20240110 13:30:34.011" level="TRACE">Return: {'Content-Type': 'application/json'}</msg>
<msg timestamp="20240110 13:30:34.011" level="INFO">${HEADERS} = {'Content-Type': 'application/json'}</msg>
<status status="PASS" starttime="20240110 13:30:34.010" endtime="20240110 13:30:34.012"/>
</kw>
<kw name="Create Session" library="RequestsLibrary">
<arg>reqres</arg>
<arg>${BASE_URL}</arg>
<doc>Create Session: create a HTTP session to a server</doc>
<msg timestamp="20240110 13:30:34.014" level="TRACE">Arguments: [ 'reqres' | 'https://reqres.in/api' ]</msg>
<msg timestamp="20240110 13:30:34.014" level="INFO">Creating Session using : alias=reqres, url=https://reqres.in/api, headers={},                     cookies={}, auth=None, timeout=None, proxies=None, verify=False,                     debug=0 </msg>
<msg timestamp="20240110 13:30:34.014" level="DEBUG">Creating session: reqres</msg>
<msg timestamp="20240110 13:30:34.015" level="TRACE">Return: &lt;requests.sessions.Session object at 0x000002A3F975C8F0&gt;</msg>
<status status="PASS" starttime="20240110 13:30:34.012" endtime="20240110 13:30:34.015"/>
</kw>
<kw name="POST On Session" library="RequestsLibrary">
<var>${response}</var>
<arg>reqres</arg>
<arg>${ENDPOINT}</arg>
<arg>data=${DATA}</arg>
<arg>headers=${HEADERS}</arg>
<doc>Sends a POST request on a previously created HTTP Session.</doc>
<msg timestamp="20240110 13:30:34.017" level="TRACE">Arguments: [ 'reqres' | '/users' | data='{"name": "Italo Rocha", "job": "leader"}' | headers={'Content-Type': 'application/json'} ]</msg>
<msg timestamp="20240110 13:30:34.030" level="DEBUG">Starting new HTTPS connection (1): reqres.in:443</msg>
<msg timestamp="20240110 13:30:35.119" level="DEBUG">https://reqres.in:443 "POST /api/users HTTP/1.1" 201 87</msg>
<msg timestamp="20240110 13:30:35.120" level="INFO">POST Request : url=https://reqres.in/api/users 
 path_url=/api/users 
 headers={'User-Agent': 'python-requests/2.31.0', 'Accept-Encoding': 'gzip, deflate', 'Accept': '*/*', 'Connection': 'keep-alive', 'Content-Type': 'application/json', 'Content-Length': '40'} 
 body={"name": "Italo Rocha", "job": "leader"} 
 </msg>
<msg timestamp="20240110 13:30:35.120" level="INFO">POST Response : url=https://reqres.in/api/users 
 status=201, reason=Created 
 headers={'Date': 'Wed, 10 Jan 2024 16:30:36 GMT', 'Content-Type': 'application/json; charset=utf-8', 'Content-Length': '87', 'Connection': 'keep-alive', 'Report-To': '{"group":"heroku-nel","max_age":3600,"endpoints":[{"url":"https://nel.heroku.com/reports?ts=1704904236&amp;sid=c4c9725f-1ab0-44d8-820f-430df2718e11&amp;s=uDgHHQZwfIbO6FgxyaOnpYaTT%2BS5MjX%2FoSCj2judjh8%3D"}]}', 'Reporting-Endpoints': 'heroku-nel=https://nel.heroku.com/reports?ts=1704904236&amp;sid=c4c9725f-1ab0-44d8-820f-430df2718e11&amp;s=uDgHHQZwfIbO6FgxyaOnpYaTT%2BS5MjX%2FoSCj2judjh8%3D', 'Nel': '{"report_to":"heroku-nel","max_age":3600,"success_fraction":0.005,"failure_fraction":0.05,"response_headers":["Via"]}', 'X-Powered-By': 'Express', 'Access-Control-Allow-Origin': '*', 'Etag': 'W/"57-Ishcv9h75kH9PtNQZty7q+Z2v3k"', 'Via': '1.1 vegur', 'CF-Cache-Status': 'DYNAMIC', 'Server': 'cloudflare', 'CF-RAY': '84364e32689977ed-GRU'} 
 body={"name":"Italo Rocha","job":"leader","id":"350","createdAt":"2024-01-10T16:30:36.234Z"} 
 </msg>
<msg timestamp="20240110 13:30:35.121" level="INFO">C:\Users\Italo\AppData\Local\Programs\Python\Python312\Lib\site-packages\urllib3\connectionpool.py:1099: InsecureRequestWarning: Unverified HTTPS request is being made to host 'reqres.in'. Adding certificate verification is strongly advised. See: https://urllib3.readthedocs.io/en/latest/advanced-usage.html#tls-warnings
  warnings.warn(</msg>
<msg timestamp="20240110 13:30:35.129" level="TRACE">Return: &lt;Response [201]&gt;</msg>
<msg timestamp="20240110 13:30:35.129" level="INFO">${response} = &lt;Response [201]&gt;</msg>
<status status="PASS" starttime="20240110 13:30:34.016" endtime="20240110 13:30:35.130"/>
</kw>
<kw name="Log" library="BuiltIn">
<arg>Response Status Code: ${response.status_code}</arg>
<doc>Logs the given message with the given level.</doc>
<msg timestamp="20240110 13:30:35.132" level="TRACE">Arguments: [ 'Response Status Code: 201' ]</msg>
<msg timestamp="20240110 13:30:35.133" level="INFO">Response Status Code: 201</msg>
<msg timestamp="20240110 13:30:35.133" level="TRACE">Return: None</msg>
<status status="PASS" starttime="20240110 13:30:35.131" endtime="20240110 13:30:35.133"/>
</kw>
<kw name="Log" library="BuiltIn">
<arg>Response Body: ${response.text}</arg>
<doc>Logs the given message with the given level.</doc>
<msg timestamp="20240110 13:30:35.136" level="TRACE">Arguments: [ 'Response Body: {"name":"Italo Rocha","job":"leader","id":"350","createdAt":"2024-01-10T16:30:36.234Z"}' ]</msg>
<msg timestamp="20240110 13:30:35.137" level="INFO">Response Body: {"name":"Italo Rocha","job":"leader","id":"350","createdAt":"2024-01-10T16:30:36.234Z"}</msg>
<msg timestamp="20240110 13:30:35.137" level="TRACE">Return: None</msg>
<status status="PASS" starttime="20240110 13:30:35.134" endtime="20240110 13:30:35.138"/>
</kw>
<status status="PASS" starttime="20240110 13:30:33.968" endtime="20240110 13:30:35.139"/>
</test>
<status status="PASS" starttime="20240110 13:30:33.400" endtime="20240110 13:30:35.143"/>
</suite>
<statistics>
<total>
<stat pass="1" fail="0" skip="0">All Tests</stat>
</total>
<tag>
</tag>
<suite>
<stat pass="1" fail="0" skip="0" id="s1" name="Main">Main</stat>
</suite>
</statistics>
<errors>
</errors>
</robot>
